\BOOKMARK [0][-]{chapter.1}{\376\377\000I\000n\000t\000r\000o\000d\000u\000c\000c\000i\000\363\000n}{}% 1
\BOOKMARK [1][-]{section.1.1}{\376\377\000C\000i\000b\000e\000r\000s\000e\000g\000u\000r\000i\000d\000a\000d}{chapter.1}% 2
\BOOKMARK [2][-]{subsection.1.1.1}{\376\377\000V\000u\000l\000n\000e\000r\000a\000b\000i\000l\000i\000d\000a\000d\000e\000s\000\040\000y\000\040\000A\000t\000a\000q\000u\000e\000s}{section.1.1}% 3
\BOOKMARK [2][-]{subsection.1.1.2}{\376\377\000D\000e\000f\000e\000n\000s\000a\000s}{section.1.1}% 4
\BOOKMARK [2][-]{subsection.1.1.3}{\376\377\000R\000o\000o\000t\000k\000i\000t\000s}{section.1.1}% 5
\BOOKMARK [0][-]{chapter.2}{\376\377\000E\000s\000t\000a\000d\000o\000\040\000d\000e\000l\000\040\000A\000r\000t\000e}{}% 6
\BOOKMARK [1][-]{section.2.1}{\376\377\000S\000i\000s\000t\000e\000m\000a\000s\000\040\000o\000p\000e\000r\000a\000t\000i\000v\000o\000s\000\040\000L\000i\000n\000u\000x}{chapter.2}% 7
\BOOKMARK [2][-]{subsection.2.1.1}{\376\377\000A\000r\000q\000u\000i\000t\000e\000c\000t\000u\000r\000a\000\040\000y\000\040\000a\000n\000i\000l\000l\000o\000s\000\040\000d\000e\000\040\000p\000r\000i\000v\000i\000l\000e\000g\000i\000o\000s}{section.2.1}% 8
\BOOKMARK [2][-]{subsection.2.1.2}{\376\377\000M\000e\000m\000o\000r\000i\000a\000:\000\040\000E\000s\000p\000a\000c\000i\000o\000\040\000d\000e\000\040\000u\000s\000u\000a\000r\000i\000o\000\040\000y\000\040\000e\000s\000p\000a\000c\000i\000o\000\040\000d\000e\000\040\000k\000e\000r\000n\000e\000l}{section.2.1}% 9
\BOOKMARK [2][-]{subsection.2.1.3}{\376\377\000F\000i\000c\000h\000e\000r\000o\000s\000\040\000y\000\040\000S\000i\000s\000t\000e\000m\000a\000s\000\040\000d\000e\000\040\000F\000i\000c\000h\000e\000r\000o\000s\000\040\000\050\000F\000S\000\051}{section.2.1}% 10
\BOOKMARK [2][-]{subsection.2.1.4}{\376\377\000E\000s\000p\000a\000c\000i\000o\000s\000\040\000d\000e\000\040\000n\000o\000m\000b\000r\000e\000s\000\040\000\050\000N\000a\000m\000e\000s\000p\000a\000c\000e\000s\000\051}{section.2.1}% 11
\BOOKMARK [2][-]{subsection.2.1.5}{\376\377\000M\000\363\000d\000u\000l\000o\000s\000\040\000d\000e\000l\000\040\000K\000e\000r\000n\000e\000l\000\040\000d\000e\000\040\000L\000i\000n\000u\000x\000\040\000\050\000L\000K\000M\000s\000\051}{section.2.1}% 12
\BOOKMARK [2][-]{subsection.2.1.6}{\376\377\000E\000n\000t\000o\000r\000n\000o\000\040\000d\000e\000\040\000d\000e\000s\000a\000r\000r\000o\000l\000l\000o}{section.2.1}% 13
\BOOKMARK [1][-]{section.2.2}{\376\377\000D\000e\000s\000c\000r\000i\000p\000c\000i\000\363\000n\000\040\000d\000e\000l\000\040\000p\000r\000o\000b\000l\000e\000m\000a}{chapter.2}% 14
\BOOKMARK [1][-]{section.2.3}{\376\377\000R\000e\000q\000u\000i\000s\000i\000t\000o\000s}{chapter.2}% 15
\BOOKMARK [1][-]{section.2.4}{\376\377\000C\000o\000m\000p\000e\000t\000e\000n\000c\000i\000a\000s}{chapter.2}% 16
\BOOKMARK [1][-]{section.2.5}{\376\377\000M\000e\000t\000o\000d\000o\000l\000o\000g\000\355\000a}{chapter.2}% 17
\BOOKMARK [1][-]{section.2.6}{\376\377\000P\000l\000a\000n\000\040\000d\000e\000\040\000t\000r\000a\000b\000a\000j\000o}{chapter.2}% 18
\BOOKMARK [0][-]{chapter.3}{\376\377\000P\000l\000a\000t\000a\000f\000o\000r\000m\000a\000\040\000d\000e\000\040\000d\000e\000s\000a\000r\000r\000o\000l\000l\000o}{}% 19
\BOOKMARK [0][-]{chapter.4}{\376\377\000D\000i\000s\000e\000\361\000o}{}% 20
\BOOKMARK [1][-]{section.4.1}{\376\377\000S\000n\000i\000p\000p\000e\000t\000s}{chapter.4}% 21
\BOOKMARK [1][-]{section.4.2}{\376\377\000V\000e\000r\000b\000a\000t\000i\000m}{chapter.4}% 22
\BOOKMARK [1][-]{section.4.3}{\376\377\000E\000c\000u\000a\000c\000i\000o\000n\000e\000s}{chapter.4}% 23
\BOOKMARK [1][-]{section.4.4}{\376\377\000T\000a\000b\000l\000a\000s\000\040\000o\000\040\000c\000u\000a\000d\000r\000o\000s}{chapter.4}% 24
\BOOKMARK [0][-]{chapter.5}{\376\377\000C\000o\000n\000c\000l\000u\000s\000i\000o\000n\000e\000s}{}% 25
\BOOKMARK [1][-]{section.5.1}{\376\377\000C\000o\000n\000c\000l\000u\000s\000i\000o\000n\000e\000s}{chapter.5}% 26
\BOOKMARK [1][-]{section.5.2}{\376\377\000C\000o\000r\000r\000e\000c\000t\000o\000r\000\040\000o\000r\000t\000o\000g\000r\000\341\000f\000i\000c\000o}{chapter.5}% 27
