This is pdfTeX, Version 3.141592653-2.6-1.40.27 (TeX Live 2025) (preloaded format=pdflatex 2026.2.12)  26 FEB 2026 20:29
entering extended mode
 restricted \write18 enabled.
 file:line:error style messages enabled.
 %&-line parsing enabled.
**/Users/noelito/Desktop/TFG/TFG/Project_report/plantilla-latex-tfg-spanish/memoria.tex
(/Users/noelito/Desktop/TFG/TFG/Project_report/plantilla-latex-tfg-spanish/memoria.tex
LaTeX2e <2024-11-01> patch level 2
L3 programming layer <2025-01-18>
(/usr/local/texlive/2025/texmf-dist/tex/latex/base/book.cls
Document Class: book 2024/06/29 v1.4n Standard LaTeX document class
(/usr/local/texlive/2025/texmf-dist/tex/latex/base/bk12.clo
File: bk12.clo 2024/06/29 v1.4n Standard LaTeX file (size option)
)
\c@part=\count196
\c@chapter=\count197
\c@section=\count198
\c@subsection=\count199
\c@subsubsection=\count266
\c@paragraph=\count267
\c@subparagraph=\count268
\c@figure=\count269
\c@table=\count270
\abovecaptionskip=\skip49
\belowcaptionskip=\skip50
\bibindent=\dimen141
) (./estilo.tex (/usr/local/texlive/2025/texmf-dist/tex/generic/babel/babel.sty
Package: babel 2025/02/14 v25.4 The multilingual framework for pdfLaTeX, LuaLaTeX and XeLaTeX
\babel@savecnt=\count271
\U@D=\dimen142
\l@unhyphenated=\language90
 (/usr/local/texlive/2025/texmf-dist/tex/generic/babel/txtbabel.def)
\bbl@readstream=\read2
\bbl@dirlevel=\count272
 (/usr/local/texlive/2025/texmf-dist/tex/generic/babel-spanish/spanish.ldf
Language: spanish.ldf 2021/05/27 v5.0q Spanish support from the babel system
\es@quottoks=\toks17
\es@quotdepth=\count273
Package babel Info: Making " an active character on input line 570.
Package babel Info: Making . an active character on input line 675.
Package babel Info: Making < an active character on input line 722.
Package babel Info: Making > an active character on input line 722.
)) (/usr/local/texlive/2025/texmf-dist/tex/generic/babel/locale/es/babel-spanish.tex
Package babel Info: Importing font and identification data for spanish
(babel)             from babel-es.ini. Reported on input line 11.
) (/usr/local/texlive/2025/texmf-dist/tex/latex/base/inputenc.sty
Package: inputenc 2024/02/08 v1.3d Input encoding file
\inpenc@prehook=\toks18
\inpenc@posthook=\toks19
) (/usr/local/texlive/2025/texmf-dist/tex/latex/geometry/geometry.sty
Package: geometry 2020/01/02 v5.9 Page Geometry
 (/usr/local/texlive/2025/texmf-dist/tex/latex/graphics/keyval.sty
Package: keyval 2022/05/29 v1.15 key=value parser (DPC)
\KV@toks@=\toks20
) (/usr/local/texlive/2025/texmf-dist/tex/generic/iftex/ifvtex.sty
Package: ifvtex 2019/10/25 v1.7 ifvtex legacy package. Use iftex instead.
 (/usr/local/texlive/2025/texmf-dist/tex/generic/iftex/iftex.sty
Package: iftex 2024/12/12 v1.0g TeX engine tests
))
\Gm@cnth=\count274
\Gm@cntv=\count275
\c@Gm@tempcnt=\count276
\Gm@bindingoffset=\dimen143
\Gm@wd@mp=\dimen144
\Gm@odd@mp=\dimen145
\Gm@even@mp=\dimen146
\Gm@layoutwidth=\dimen147
\Gm@layoutheight=\dimen148
\Gm@layouthoffset=\dimen149
\Gm@layoutvoffset=\dimen150
\Gm@dimlist=\toks21
) (/usr/local/texlive/2025/texmf-dist/tex/latex/base/makeidx.sty
Package: makeidx 2021/10/04 v1.0m Standard LaTeX package
) (/usr/local/texlive/2025/texmf-dist/tex/latex/url/url.sty
\Urlmuskip=\muskip17
Package: url 2013/09/16  ver 3.4  Verb mode for urls, etc.
) (/usr/local/texlive/2025/texmf-dist/tex/latex/graphics/graphicx.sty
Package: graphicx 2021/09/16 v1.2d Enhanced LaTeX Graphics (DPC,SPQR)
 (/usr/local/texlive/2025/texmf-dist/tex/latex/graphics/graphics.sty
Package: graphics 2024/08/06 v1.4g Standard LaTeX Graphics (DPC,SPQR)
 (/usr/local/texlive/2025/texmf-dist/tex/latex/graphics/trig.sty
Package: trig 2023/12/02 v1.11 sin cos tan (DPC)
) (/usr/local/texlive/2025/texmf-dist/tex/latex/graphics-cfg/graphics.cfg
File: graphics.cfg 2016/06/04 v1.11 sample graphics configuration
)
Package graphics Info: Driver file: pdftex.def on input line 106.
 (/usr/local/texlive/2025/texmf-dist/tex/latex/graphics-def/pdftex.def
File: pdftex.def 2024/04/13 v1.2c Graphics/color driver for pdftex
))
\Gin@req@height=\dimen151
\Gin@req@width=\dimen152
) (/usr/local/texlive/2025/texmf-dist/tex/latex/graphics/color.sty
Package: color 2024/06/23 v1.3e Standard LaTeX Color (DPC)
 (/usr/local/texlive/2025/texmf-dist/tex/latex/graphics-cfg/color.cfg
File: color.cfg 2016/01/02 v1.6 sample color configuration
)
Package color Info: Driver file: pdftex.def on input line 149.
 (/usr/local/texlive/2025/texmf-dist/tex/latex/graphics/mathcolor.ltx)) (/usr/local/texlive/2025/texmf-dist/tex/latex/caption/caption.sty
Package: caption 2023/08/05 v3.6o Customizing captions (AR)
 (/usr/local/texlive/2025/texmf-dist/tex/latex/caption/caption3.sty
Package: caption3 2023/07/31 v2.4d caption3 kernel (AR)
\caption@tempdima=\dimen153
\captionmargin=\dimen154
\caption@leftmargin=\dimen155
\caption@rightmargin=\dimen156
\caption@width=\dimen157
\caption@indent=\dimen158
\caption@parindent=\dimen159
\caption@hangindent=\dimen160
Package caption Info: Standard document class detected.
)
\c@caption@flags=\count277
\c@continuedfloat=\count278
) (/usr/local/texlive/2025/texmf-dist/tex/latex/acronym/acronym.sty
Package: acronym 2025/01/17 v1.50 Support for acronyms (Tobias Oetiker)
 (/usr/local/texlive/2025/texmf-dist/tex/latex/bigfoot/suffix.sty
Package: suffix 2006/07/15 1.5a Variant command support
) (/usr/local/texlive/2025/texmf-dist/tex/generic/xstring/xstring.sty (/usr/local/texlive/2025/texmf-dist/tex/generic/xstring/xstring.tex
\xs_counta=\count279
\xs_countb=\count280
)
Package: xstring 2023/08/22 v1.86 String manipulations (CT)
)
\AC@clearlist=\toks22
) (/usr/local/texlive/2025/texmf-dist/tex/latex/hyphenat/hyphenat.sty
Package: hyphenat 2009/09/02 v2.3c hyphenation utilities
\langwohyphens=\language91
LaTeX Info: Redefining \_ on input line 43.
) (/usr/local/texlive/2025/texmf-dist/tex/latex/a4wide/a4wide.sty
Package: a4wide 1994/08/30
 (/usr/local/texlive/2025/texmf-dist/tex/latex/ntgclass/a4.sty
Package: a4 2023/01/10 v1.2g A4 based page layout
)) (/usr/local/texlive/2025/texmf-dist/tex/latex/subfigure/subfigure.sty
Package: subfigure 2002/03/15 v2.1.5 subfigure package
\subfigtopskip=\skip51
\subfigcapskip=\skip52
\subfigcaptopadj=\dimen161
\subfigbottomskip=\skip53
\subfigcapmargin=\dimen162
\subfiglabelskip=\skip54
\c@subfigure=\count281
\c@lofdepth=\count282
\c@subtable=\count283
\c@lotdepth=\count284

****************************************
* Local config file subfigure.cfg used *
****************************************
(/usr/local/texlive/2025/texmf-dist/tex/latex/subfigure/subfigure.cfg)
\subfig@top=\skip55
\subfig@bottom=\skip56
) (/usr/local/texlive/2025/texmf-dist/tex/latex/float/float.sty
Package: float 2001/11/08 v1.3d Float enhancements (AL)
\c@float@type=\count285
\float@exts=\toks23
\float@box=\box52
\@float@everytoks=\toks24
\@floatcapt=\box53
) (/usr/local/texlive/2025/texmf-dist/tex/latex/titlesec/titlesec.sty
Package: titlesec 2025/01/04 v2.17 Sectioning titles
\ttl@box=\box54
\beforetitleunit=\skip57
\aftertitleunit=\skip58
\ttl@plus=\dimen163
\ttl@minus=\dimen164
\ttl@toksa=\toks25
\titlewidth=\dimen165
\titlewidthlast=\dimen166
\titlewidthfirst=\dimen167
) (/usr/local/texlive/2025/texmf-dist/tex/latex/adjustbox/adjustbox.sty
Package: adjustbox 2025/02/26 v1.3c Adjusting TeX boxes (trim, clip, ...)
 (/usr/local/texlive/2025/texmf-dist/tex/latex/xkeyval/xkeyval.sty
Package: xkeyval 2022/06/16 v2.9 package option processing (HA)
 (/usr/local/texlive/2025/texmf-dist/tex/generic/xkeyval/xkeyval.tex (/usr/local/texlive/2025/texmf-dist/tex/generic/xkeyval/xkvutils.tex
\XKV@toks=\toks26
\XKV@tempa@toks=\toks27
)
\XKV@depth=\count286
File: xkeyval.tex 2014/12/03 v2.7a key=value parser (HA)
)) (/usr/local/texlive/2025/texmf-dist/tex/latex/adjustbox/adjcalc.sty
Package: adjcalc 2012/05/16 v1.1 Provides advanced setlength with multiple back-ends (calc, etex, pgfmath)
) (/usr/local/texlive/2025/texmf-dist/tex/latex/adjustbox/trimclip.sty
Package: trimclip 2025/02/21 v1.2a Trim and clip general TeX material
 (/usr/local/texlive/2025/texmf-dist/tex/latex/collectbox/collectbox.sty
Package: collectbox 2022/10/17 v0.4c Collect macro arguments as boxes
\collectedbox=\box55
)
\tc@llx=\dimen168
\tc@lly=\dimen169
\tc@urx=\dimen170
\tc@ury=\dimen171
Package trimclip Info: Using driver 'tc-pdftex.def'.
 (/usr/local/texlive/2025/texmf-dist/tex/latex/adjustbox/tc-pdftex.def
File: tc-pdftex.def 2025/02/26 v2.3 Clipping driver for pdftex
))
\adjbox@Width=\dimen172
\adjbox@Height=\dimen173
\adjbox@Depth=\dimen174
\adjbox@Totalheight=\dimen175
\adjbox@pwidth=\dimen176
\adjbox@pheight=\dimen177
\adjbox@pdepth=\dimen178
\adjbox@ptotalheight=\dimen179
 (/usr/local/texlive/2025/texmf-dist/tex/latex/ifoddpage/ifoddpage.sty
Package: ifoddpage 2022/10/18 v1.2 Conditionals for odd/even page detection
\c@checkoddpage=\count287
) (/usr/local/texlive/2025/texmf-dist/tex/latex/varwidth/varwidth.sty
Package: varwidth 2009/03/30 ver 0.92;  Variable-width minipages
\@vwid@box=\box56
\sift@deathcycles=\count288
\@vwid@loff=\dimen180
\@vwid@roff=\dimen181
)) (/usr/local/texlive/2025/texmf-dist/tex/latex/fncychap/fncychap.sty
Package: fncychap 2007/07/30 v1.34 LaTeX package (Revised chapters)
\RW=\skip59
\mylen=\skip60
\myhi=\skip61
\px=\skip62
\py=\skip63
\pyy=\skip64
\pxx=\skip65
) (./listings.sty
\lst@mode=\count289
\lst@gtempboxa=\box57
\lst@token=\toks28
\lst@length=\count290
\lst@currlwidth=\dimen182
\lst@column=\count291
\lst@pos=\count292
\lst@lostspace=\dimen183
\lst@width=\dimen184
\lst@newlines=\count293
\lst@lineno=\count294
\lst@maxwidth=\dimen185
 (/usr/local/texlive/2025/texmf-dist/tex/latex/listings/lstpatch.sty
File: lstpatch.sty 2007/02/22 1.4 (Carsten Heinz)
) (./lstmisc.sty
File: lstmisc.sty 2007/02/22 1.4 (Carsten Heinz)
\c@lstnumber=\count295
\lst@skipnumbers=\count296
\lst@framebox=\box58
) (/usr/local/texlive/2025/texmf-dist/tex/latex/listings/listings.cfg
File: listings.cfg 2024/09/23 1.10c listings configuration
))
Package: listings 2007/02/22 1.4 (Carsten Heinz)
 (/usr/local/texlive/2025/texmf-dist/tex/latex/eurosym/eurosym.sty
Package: eurosym 1998/08/06 v1.1 European currency symbol ``Euro''
\@eurobox=\box59
) (/usr/local/texlive/2025/texmf-dist/tex/latex/hyperref/hyperref.sty
Package: hyperref 2024-11-05 v7.01l Hypertext links for LaTeX
 (/usr/local/texlive/2025/texmf-dist/tex/latex/kvsetkeys/kvsetkeys.sty
Package: kvsetkeys 2022-10-05 v1.19 Key value parser (HO)
) (/usr/local/texlive/2025/texmf-dist/tex/generic/kvdefinekeys/kvdefinekeys.sty
Package: kvdefinekeys 2019-12-19 v1.6 Define keys (HO)
) (/usr/local/texlive/2025/texmf-dist/tex/generic/pdfescape/pdfescape.sty
Package: pdfescape 2019/12/09 v1.15 Implements pdfTeX's escape features (HO)
 (/usr/local/texlive/2025/texmf-dist/tex/generic/ltxcmds/ltxcmds.sty
Package: ltxcmds 2023-12-04 v1.26 LaTeX kernel commands for general use (HO)
) (/usr/local/texlive/2025/texmf-dist/tex/generic/pdftexcmds/pdftexcmds.sty
Package: pdftexcmds 2020-06-27 v0.33 Utility functions of pdfTeX for LuaTeX (HO)
 (/usr/local/texlive/2025/texmf-dist/tex/generic/infwarerr/infwarerr.sty
Package: infwarerr 2019/12/03 v1.5 Providing info/warning/error messages (HO)
)
Package pdftexcmds Info: \pdf@primitive is available.
Package pdftexcmds Info: \pdf@ifprimitive is available.
Package pdftexcmds Info: \pdfdraftmode found.
)) (/usr/local/texlive/2025/texmf-dist/tex/latex/hycolor/hycolor.sty
Package: hycolor 2020-01-27 v1.10 Color options for hyperref/bookmark (HO)
) (/usr/local/texlive/2025/texmf-dist/tex/latex/hyperref/nameref.sty
Package: nameref 2023-11-26 v2.56 Cross-referencing by name of section
 (/usr/local/texlive/2025/texmf-dist/tex/latex/refcount/refcount.sty
Package: refcount 2019/12/15 v3.6 Data extraction from label references (HO)
) (/usr/local/texlive/2025/texmf-dist/tex/generic/gettitlestring/gettitlestring.sty
Package: gettitlestring 2019/12/15 v1.6 Cleanup title references (HO)
 (/usr/local/texlive/2025/texmf-dist/tex/latex/kvoptions/kvoptions.sty
Package: kvoptions 2022-06-15 v3.15 Key value format for package options (HO)
))
\c@section@level=\count297
) (/usr/local/texlive/2025/texmf-dist/tex/latex/etoolbox/etoolbox.sty
Package: etoolbox 2025/02/11 v2.5l e-TeX tools for LaTeX (JAW)
\etb@tempcnta=\count298
) (/usr/local/texlive/2025/texmf-dist/tex/generic/stringenc/stringenc.sty
Package: stringenc 2019/11/29 v1.12 Convert strings between diff. encodings (HO)
)
\@linkdim=\dimen186
\Hy@linkcounter=\count299
\Hy@pagecounter=\count300
 (/usr/local/texlive/2025/texmf-dist/tex/latex/hyperref/pd1enc.def
File: pd1enc.def 2024-11-05 v7.01l Hyperref: PDFDocEncoding definition (HO)
Now handling font encoding PD1 ...
... no UTF-8 mapping file for font encoding PD1
) (/usr/local/texlive/2025/texmf-dist/tex/generic/intcalc/intcalc.sty
Package: intcalc 2019/12/15 v1.3 Expandable calculations with integers (HO)
)
\Hy@SavedSpaceFactor=\count301
 (/usr/local/texlive/2025/texmf-dist/tex/latex/hyperref/puenc.def
File: puenc.def 2024-11-05 v7.01l Hyperref: PDF Unicode definition (HO)
Now handling font encoding PU ...
... no UTF-8 mapping file for font encoding PU
)
Package hyperref Info: Hyper figures OFF on input line 4157.
Package hyperref Info: Link nesting OFF on input line 4162.
Package hyperref Info: Hyper index ON on input line 4165.
Package hyperref Info: Plain pages OFF on input line 4172.
Package hyperref Info: Backreferencing OFF on input line 4177.
Package hyperref Info: Implicit mode ON; LaTeX internals redefined.
Package hyperref Info: Bookmarks ON on input line 4424.
\c@Hy@tempcnt=\count302
LaTeX Info: Redefining \url on input line 4763.
\XeTeXLinkMargin=\dimen187
 (/usr/local/texlive/2025/texmf-dist/tex/generic/bitset/bitset.sty
Package: bitset 2019/12/09 v1.3 Handle bit-vector datatype (HO)
 (/usr/local/texlive/2025/texmf-dist/tex/generic/bigintcalc/bigintcalc.sty
Package: bigintcalc 2019/12/15 v1.5 Expandable calculations on big integers (HO)
))
\Fld@menulength=\count303
\Field@Width=\dimen188
\Fld@charsize=\dimen189
Package hyperref Info: Hyper figures OFF on input line 6042.
Package hyperref Info: Link nesting OFF on input line 6047.
Package hyperref Info: Hyper index ON on input line 6050.
Package hyperref Info: backreferencing OFF on input line 6057.
Package hyperref Info: Link coloring OFF on input line 6062.
Package hyperref Info: Link coloring with OCG OFF on input line 6067.
Package hyperref Info: PDF/A mode OFF on input line 6072.
 (/usr/local/texlive/2025/texmf-dist/tex/latex/base/atbegshi-ltx.sty
Package: atbegshi-ltx 2021/01/10 v1.0c Emulation of the original atbegshi
package with kernel methods
)
\Hy@abspage=\count304
\c@Item=\count305
\c@Hfootnote=\count306
)
Package hyperref Info: Driver (autodetected): hpdftex.
 (/usr/local/texlive/2025/texmf-dist/tex/latex/hyperref/hpdftex.def
File: hpdftex.def 2024-11-05 v7.01l Hyperref driver for pdfTeX
 (/usr/local/texlive/2025/texmf-dist/tex/latex/base/atveryend-ltx.sty
Package: atveryend-ltx 2020/08/19 v1.0a Emulation of the original atveryend package
with kernel methods
)
\Fld@listcount=\count307
\c@bookmark@seq@number=\count308
 (/usr/local/texlive/2025/texmf-dist/tex/latex/rerunfilecheck/rerunfilecheck.sty
Package: rerunfilecheck 2022-07-10 v1.10 Rerun checks for auxiliary files (HO)
 (/usr/local/texlive/2025/texmf-dist/tex/generic/uniquecounter/uniquecounter.sty
Package: uniquecounter 2019/12/15 v1.4 Provide unlimited unique counter (HO)
)
Package uniquecounter Info: New unique counter `rerunfilecheck' on input line 285.
)
\Hy@SectionHShift=\skip66
) (/usr/local/texlive/2025/texmf-dist/tex/latex/listings/lstlang1.sty
File: lstlang1.sty 2024/09/23 1.10c listings language file
) (./lstmisc.sty
File: lstmisc.sty 2007/02/22 1.4 (Carsten Heinz)
) (/usr/local/texlive/2025/texmf-dist/tex/latex/listings/lstlang1.sty
File: lstlang1.sty 2024/09/23 1.10c listings language file
) (/usr/local/texlive/2025/texmf-dist/tex/latex/listings/lstlang1.sty
File: lstlang1.sty 2024/09/23 1.10c listings language file
)
Package caption Info: Option `declare type' requires the `newfloat' package on input line 96.
 (/usr/local/texlive/2025/texmf-dist/tex/latex/newfloat/newfloat.sty
Package: newfloat 2023/10/01 v1.2 Defining new floating environments (AR)
Package newfloat Info: Unsupported document class, or \@chapter 
(newfloat)             was already redefined by another package.
Package newfloat Info: \@chapter = macro:->\def \Hy@next {\Hy@MakeCurrentHrefAuto {\Hy@chapapp *}\Hy@raisedlink {\hyper@anchorstart {\@currentHref }\hyper@anchorend }}\ifnum \c@secnumdepth >\m@ne \@ifundefined {if@mainmatter}\iftrue {\csname if@mainmatter\endcsname }\let \Hy@next \relax \fi \fi \Hy@next \Hy@org@chapter .
Package newfloat Info: \Hy@org@chapter = macro:[#1]#2->\NR@gettitle {#1}\NR@chapter [{#1}]{#2}.
Package newfloat Info: \algocf@original@chapter = undefined.
)
Package newfloat Info: New float `code' with options `' on input line 96.
\c@code=\count309
Package newfloat Info: float type `code'=4 on input line 96.
\c@locodedepth=\count310
Package newfloat Info: New float `myequation' with options `' on input line 97.
\c@myequation=\count311
Package newfloat Info: float type `myequation'=8 on input line 97.
\c@lomyequationdepth=\count312
)
\@indexfile=\write3
\openout3 = `memoria.idx'.


Writing index file memoria.idx
(/usr/local/texlive/2025/texmf-dist/tex/latex/l3backend/l3backend-pdftex.def
File: l3backend-pdftex.def 2024-05-08 L3 backend support: PDF output (pdfTeX)
\l__color_backend_stack_int=\count313
\l__pdf_internal_box=\box60
) (%OUTDIR%/memoria.aux
LaTeX Info: Redefining \. on input line 13.
LaTeX Info: Redefining \% on input line 13.
)
\openout1 = `memoria.aux'.

LaTeX Font Info:    Checking defaults for OML/cmm/m/it on input line 8.
LaTeX Font Info:    ... okay on input line 8.
LaTeX Font Info:    Checking defaults for OMS/cmsy/m/n on input line 8.
LaTeX Font Info:    ... okay on input line 8.
LaTeX Font Info:    Checking defaults for OT1/cmr/m/n on input line 8.
LaTeX Font Info:    ... okay on input line 8.
LaTeX Font Info:    Checking defaults for T1/cmr/m/n on input line 8.
LaTeX Font Info:    ... okay on input line 8.
LaTeX Font Info:    Checking defaults for TS1/cmr/m/n on input line 8.
LaTeX Font Info:    ... okay on input line 8.
LaTeX Font Info:    Checking defaults for OMX/cmex/m/n on input line 8.
LaTeX Font Info:    ... okay on input line 8.
LaTeX Font Info:    Checking defaults for U/cmr/m/n on input line 8.
LaTeX Font Info:    ... okay on input line 8.
LaTeX Font Info:    Checking defaults for PD1/pdf/m/n on input line 8.
LaTeX Font Info:    ... okay on input line 8.
LaTeX Font Info:    Checking defaults for PU/pdf/m/n on input line 8.
LaTeX Font Info:    ... okay on input line 8.
LaTeX Info: Redefining \. on input line 8.
LaTeX Info: Redefining \% on input line 8.

*geometry* driver: auto-detecting
*geometry* detected driver: pdftex
*geometry* verbose mode - [ preamble ] result:
* driver: pdftex
* paper: a4paper
* layout: <same size as paper>
* layoutoffset:(h,v)=(0.0pt,0.0pt)
* modes: 
* h-part:(L,W,R)=(99.58464pt, 441.01773pt, 56.9055pt)
* v-part:(T,H,B)=(85.35826pt, 702.78308pt, 56.9055pt)
* \paperwidth=597.50787pt
* \paperheight=845.04684pt
* \textwidth=441.01773pt
* \textheight=702.78308pt
* \oddsidemargin=27.31465pt
* \evensidemargin=27.31465pt
* \topmargin=-41.59085pt
* \headheight=12.0pt
* \headsep=42.67912pt
* \topskip=12.0pt
* \footskip=30.0pt
* \marginparwidth=54.2025pt
* \marginparsep=7.0pt
* \columnsep=10.0pt
* \skip\footins=10.8pt plus 4.0pt minus 2.0pt
* \hoffset=0.0pt
* \voffset=0.0pt
* \mag=1000
* \@twocolumnfalse
* \@twosidefalse
* \@mparswitchfalse
* \@reversemarginfalse
* (1in=72.27pt=25.4mm, 1cm=28.453pt)

(/usr/local/texlive/2025/texmf-dist/tex/context/base/mkii/supp-pdf.mkii
[Loading MPS to PDF converter (version 2006.09.02).]
\scratchcounter=\count314
\scratchdimen=\dimen190
\scratchbox=\box61
\nofMPsegments=\count315
\nofMParguments=\count316
\everyMPshowfont=\toks29
\MPscratchCnt=\count317
\MPscratchDim=\dimen191
\MPnumerator=\count318
\makeMPintoPDFobject=\count319
\everyMPtoPDFconversion=\toks30
) (/usr/local/texlive/2025/texmf-dist/tex/latex/epstopdf-pkg/epstopdf-base.sty
Package: epstopdf-base 2020-01-24 v2.11 Base part for package epstopdf
Package epstopdf-base Info: Redefining graphics rule for `.eps' on input line 485.
 (/usr/local/texlive/2025/texmf-dist/tex/latex/latexconfig/epstopdf-sys.cfg
File: epstopdf-sys.cfg 2010/07/13 v1.3 Configuration of (r)epstopdf for TeX Live
))
Package caption Info: Begin \AtBeginDocument code.
Package caption Info: float package is loaded.
Package caption Info: hyperref package is loaded.
Package caption Info: listings package is loaded.
Package caption Info: subfigure package is loaded.
Package caption Info: End \AtBeginDocument code.
\c@lstlisting=\count320
Package hyperref Info: Link coloring OFF on input line 8.
 (%OUTDIR%/memoria.out) (%OUTDIR%/memoria.out)
\@outlinefile=\write4
\openout4 = `memoria.out'.

Package newfloat Info: Trying Plan B...
Package newfloat Info: `float' package detected.
 (./portada/indice.tex (./portada/portada.tex
<figs/logo_urjc.jpg, id=112, 525.965pt x 210.7875pt>
File: figs/logo_urjc.jpg Graphic file (type jpg)
<use figs/logo_urjc.jpg>
Package pdftex.def Info: figs/logo_urjc.jpg  used on input line 7.
(pdftex.def)             Requested size: 525.9637pt x 210.78699pt.


[1


{/usr/local/texlive/2025/texmf-var/fonts/map/pdftex/updmap/pdftex.map} <./figs/logo_urjc.jpg>]) (./portada/licencia.tex
<figs/cc_by-nc-nd.png, id=122, 1144.275pt x 401.5pt>
File: figs/cc_by-nc-nd.png Graphic file (type png)
<use figs/cc_by-nc-nd.png>
Package pdftex.def Info: figs/cc_by-nc-nd.png  used on input line 10.
(pdftex.def)             Requested size: 110.25443pt x 38.682pt.

Underfull \hbox (badness 10000) in paragraph at lines 10--12
[]
 []

) (./portada/agradecimientos.tex

[2


 <./figs/cc_by-nc-nd.png>]
Underfull \hbox (badness 10000) in paragraph at lines 5--8

 []


Underfull \hbox (badness 10000) in paragraph at lines 9--10

 []


Underfull \hbox (badness 10000) in paragraph at lines 11--12

 []


Underfull \hbox (badness 10000) in paragraph at lines 13--15

 []

) (./portada/resumen.tex

[3


]
Underfull \hbox (badness 10000) in paragraph at lines 5--7

 []


Underfull \hbox (badness 10000) in paragraph at lines 8--12

 []


Underfull \hbox (badness 10000) in paragraph at lines 13--16

 []


Underfull \hbox (badness 10000) in paragraph at lines 17--20

 []



[4


])
Underfull \hbox (badness 10000) in paragraph at lines 21--8

 []

(./portada/acronimos.tex

LaTeX Info: Redefining \. on input line 1.
LaTeX Info: Redefining \% on input line 1.
[5]

[6


])

LaTeX Info: Redefining \. on input line 11.
LaTeX Info: Redefining \% on input line 11.
[7] (%OUTDIR%/memoria.toc
LaTeX Info: Redefining \. on input line 1.
LaTeX Info: Redefining \% on input line 1.
LaTeX Font Info:    External font `cmex10' loaded for size
(Font)              <12> on input line 3.
LaTeX Font Info:    External font `cmex10' loaded for size
(Font)              <8> on input line 3.
LaTeX Font Info:    External font `cmex10' loaded for size
(Font)              <6> on input line 3.


[8


])
\tf@toc=\write5
\openout5 = `memoria.toc'.



LaTeX Info: Redefining \. on input line 15.
LaTeX Info: Redefining \% on input line 15.
[9] (%OUTDIR%/memoria.lof
LaTeX Info: Redefining \. on input line 1.
LaTeX Info: Redefining \% on input line 1.
)
\tf@lof=\write6
\openout6 = `memoria.lof'.



[10

] (%OUTDIR%/memoria.locode)
\tf@locode=\write7
\openout7 = `memoria.locode'.



[11

] (%OUTDIR%/memoria.lomyequation)
\tf@lomyequation=\write8
\openout8 = `memoria.lomyequation'.



[12

] (%OUTDIR%/memoria.lot
LaTeX Info: Redefining \. on input line 1.
LaTeX Info: Redefining \% on input line 1.
)
\tf@lot=\write9
\openout9 = `memoria.lot'.



[13

]) (./capitulos/capitulo1.tex
Cap\'{\i }tulo 1.
Package newfloat Info: Setting Plan B file extension to `lof'... on input line 1.
LaTeX Font Info:    Trying to load font information for U+lasy on input line 7.
(/usr/local/texlive/2025/texmf-dist/tex/latex/base/ulasy.fd
File: ulasy.fd 1998/08/17 v2.2e LaTeX symbol font definitions
)
Underfull \hbox (badness 10000) in paragraph at lines 7--8

 []


Underfull \hbox (badness 10000) in paragraph at lines 15--17

 []


Underfull \hbox (badness 10000) in paragraph at lines 18--19

 []


Underfull \hbox (badness 10000) in paragraph at lines 20--21

 []


Underfull \hbox (badness 10000) in paragraph at lines 22--23

 []


Underfull \hbox (badness 10000) in paragraph at lines 24--25

 []



[1



]
Underfull \hbox (badness 10000) in paragraph at lines 26--30

 []


Underfull \hbox (badness 10000) in paragraph at lines 38--39

 []


Underfull \hbox (badness 10000) in paragraph at lines 40--41

 []


Underfull \hbox (badness 10000) in paragraph at lines 42--43

 []


Underfull \hbox (badness 10000) in paragraph at lines 44--45

 []



LaTeX Info: Redefining \. on input line 45.
LaTeX Info: Redefining \% on input line 45.
[2]
<figs/unix_tree.jpg, id=285, 1084.05pt x 786.94pt>
File: figs/unix_tree.jpg Graphic file (type jpg)
<use figs/unix_tree.jpg>
Package pdftex.def Info: figs/unix_tree.jpg  used on input line 48.
(pdftex.def)             Requested size: 396.91325pt x 288.12529pt.

Underfull \hbox (badness 10000) in paragraph at lines 53--54

 []


Underfull \hbox (badness 10000) in paragraph at lines 55--57

 []


Underfull \hbox (badness 10000) in paragraph at lines 58--59

 []



LaTeX Info: Redefining \. on input line 59.
LaTeX Info: Redefining \% on input line 59.
[3 <./figs/unix_tree.jpg (PNG copy)>]
Underfull \hbox (badness 10000) in paragraph at lines 67--69

 []

<figs/rings.png, id=294, 963.6pt x 695.59875pt>
File: figs/rings.png Graphic file (type png)
<use figs/rings.png>
Package pdftex.def Info: figs/rings.png  used on input line 72.
(pdftex.def)             Requested size: 286.65883pt x 206.92993pt.

Underfull \hbox (badness 5431) in paragraph at lines 77--78
[]\OT1/cmr/m/n/12 Esta arquitectura determina principalmente cuatro niveles de privilegios
 []



LaTeX Info: Redefining \. on input line 82.
LaTeX Info: Redefining \% on input line 82.
[4 <./figs/rings.png>]
Underfull \hbox (badness 10000) in paragraph at lines 85--87

 []

<figs/os_structure.png, id=307, 622.325pt x 368.37625pt>
File: figs/os_structure.png Graphic file (type png)
<use figs/os_structure.png>
Package pdftex.def Info: figs/os_structure.png  used on input line 90.
(pdftex.def)             Requested size: 374.86775pt x 221.8987pt.

Underfull \hbox (badness 10000) in paragraph at lines 95--96

 []


Underfull \hbox (badness 10000) in paragraph at lines 97--100

 []



LaTeX Info: Redefining \. on input line 100.
LaTeX Info: Redefining \% on input line 100.
[5 <./figs/os_structure.png>]
Underfull \hbox (badness 10000) in paragraph at lines 101--103

 []


Underfull \hbox (badness 10000) in paragraph at lines 104--106

 []


Underfull \hbox (badness 10000) in paragraph at lines 114--115

 []


Underfull \hbox (badness 10000) in paragraph at lines 116--120

 []

<figs/virtual_memory.png, id=321, 356.33125pt x 639.38875pt>
File: figs/virtual_memory.png Graphic file (type png)
<use figs/virtual_memory.png>
Package pdftex.def Info: figs/virtual_memory.png  used on input line 127.
(pdftex.def)             Requested size: 220.50887pt x 395.67545pt.

LaTeX Warning: `!h' float specifier changed to `!ht'.



LaTeX Info: Redefining \. on input line 133.
LaTeX Info: Redefining \% on input line 133.
[6]
Underfull \hbox (badness 1215) in paragraph at lines 137--139
\OT1/cmr/m/n/12 virtual, reservada exclusivamente para el \OT1/cmr/bx/it/12 kernel \OT1/cmr/m/n/12 con sus m^^Sodulos y los
 []



LaTeX Info: Redefining \. on input line 139.
LaTeX Info: Redefining \% on input line 139.
[7 <./figs/virtual_memory.png>]
<figs/usr_krn_memory.png, id=335, 288.07625pt x 298.11375pt>
File: figs/usr_krn_memory.png Graphic file (type png)
<use figs/usr_krn_memory.png>
Package pdftex.def Info: figs/usr_krn_memory.png  used on input line 143.
(pdftex.def)             Requested size: 220.50887pt x 228.20183pt.

Underfull \hbox (badness 10000) in paragraph at lines 159--162

 []


Underfull \hbox (badness 10000) in paragraph at lines 163--164

 []



LaTeX Info: Redefining \. on input line 164.
LaTeX Info: Redefining \% on input line 164.
[8 <./figs/usr_krn_memory.png>]
Underfull \hbox (badness 10000) in paragraph at lines 165--167

 []


Underfull \hbox (badness 10000) in paragraph at lines 168--169

 []


Underfull \hbox (badness 10000) in paragraph at lines 168--169

 []

<figs/fhs.png, id=344, 2826.56pt x 1541.76pt>
File: figs/fhs.png Graphic file (type png)
<use figs/fhs.png>
Package pdftex.def Info: figs/fhs.png  used on input line 172.
(pdftex.def)             Requested size: 396.91325pt x 216.4801pt.


LaTeX Info: Redefining \. on input line 185.
LaTeX Info: Redefining \% on input line 185.
[9 <./figs/fhs.png>]
Underfull \hbox (badness 1264) in paragraph at lines 197--199
\OT1/cmr/m/n/12 realizados manualmente por el administrador, mientras que \OT1/cmtt/m/n/12 /media \OT1/cmr/m/n/12 suele
 []



LaTeX Info: Redefining \. on input line 202.
LaTeX Info: Redefining \% on input line 202.
[10]
Underfull \hbox (badness 10000) in paragraph at lines 204--207

 []

<figs/vfs.png, id=360, 371.3875pt x 220.825pt>
File: figs/vfs.png Graphic file (type png)
<use figs/vfs.png>
Package pdftex.def Info: figs/vfs.png  used on input line 210.
(pdftex.def)             Requested size: 264.61333pt x 157.33943pt.

Underfull \hbox (badness 10000) in paragraph at lines 215--217

 []


Underfull \hbox (badness 10000) in paragraph at lines 218--221

 []



LaTeX Info: Redefining \. on input line 221.
LaTeX Info: Redefining \% on input line 221.
[11 <./figs/vfs.png>]
<figs/mounting_point.png, id=369, 438.63875pt x 299.1175pt>
File: figs/mounting_point.png Graphic file (type png)
<use figs/mounting_point.png>
Package pdftex.def Info: figs/mounting_point.png  used on input line 224.
(pdftex.def)             Requested size: 308.71106pt x 210.52185pt.

Underfull \hbox (badness 10000) in paragraph at lines 239--240

 []



LaTeX Info: Redefining \. on input line 246.
LaTeX Info: Redefining \% on input line 246.
[12 <./figs/mounting_point.png>]
Underfull \hbox (badness 10000) in paragraph at lines 251--255

 []


Underfull \hbox (badness 10000) in paragraph at lines 256--258

 []


Underfull \hbox (badness 10000) in paragraph at lines 259--261

 []


Underfull \hbox (badness 10000) in paragraph at lines 262--265

 []



LaTeX Info: Redefining \. on input line 265.
LaTeX Info: Redefining \% on input line 265.
[13]
<figs/linux-namespaces-types.jpg, id=383, 1027.84pt x 647.41875pt>
File: figs/linux-namespaces-types.jpg Graphic file (type jpg)
<use figs/linux-namespaces-types.jpg>
Package pdftex.def Info: figs/linux-namespaces-types.jpg  used on input line 268.
(pdftex.def)             Requested size: 352.81552pt x 222.23352pt.
LaTeX Font Info:    Font shape `OT1/cmtt/bx/n' in size <12> not available
(Font)              Font shape `OT1/cmtt/m/n' tried instead on input line 276.


LaTeX Info: Redefining \. on input line 282.
LaTeX Info: Redefining \% on input line 282.
[14 <./figs/linux-namespaces-types.jpg (PNG copy)>]
Underfull \hbox (badness 10000) in paragraph at lines 313--314

 []



LaTeX Info: Redefining \. on input line 314.
LaTeX Info: Redefining \% on input line 314.
[15]
<figs/roomba.jpg, id=397, 669.50125pt x 342.27875pt>
File: figs/roomba.jpg Graphic file (type jpg)
<use figs/roomba.jpg>
Package pdftex.def Info: figs/roomba.jpg  used on input line 321.
(pdftex.def)             Requested size: 227.62204pt x 116.368pt.
LaTeX Font Info:    External font `cmex10' loaded for size
(Font)              <7> on input line 327.
LaTeX Font Info:    External font `cmex10' loaded for size
(Font)              <5> on input line 327.


LaTeX Warning: Reference `sec:miseccion' on page 16 undefined on input line 332.



LaTeX Info: Redefining \. on input line 347.
LaTeX Info: Redefining \% on input line 347.
[16 <./figs/roomba.jpg>]

LaTeX Warning: Citation `vega12e' on page 17 undefined on input line 353.


LaTeX Warning: Citation `vega19b' on page 17 undefined on input line 353.


LaTeX Warning: Citation `vega19a' on page 17 undefined on input line 353.


Underfull \hbox (badness 4981) in paragraph at lines 353--354
[] []\OT1/cmr/bx/n/12 Referencias bibliogr^^Saficas[] \OT1/cmr/m/n/12 Cita, sobre todo en este cap^^S^^Ptulo, referencias
 []


Underfull \hbox (badness 6047) in paragraph at lines 355--356
[]\OT1/cmr/m/n/12 Las referencias, con todo su contenido, est^^San recogidas en el fichero
 []

) (./capitulos/capitulo2.tex

LaTeX Info: Redefining \. on input line 1.
LaTeX Info: Redefining \% on input line 1.
[17]
Cap\'{\i }tulo 2.

Underfull \hbox (badness 10000) in paragraph at lines 6--7

 []


Underfull \hbox (badness 10000) in paragraph at lines 14--15

 []



[18

])
Underfull \hbox (badness 4416) in paragraph at lines 39--26
[]\OT1/cmr/m/n/12 Qu^^Se agenda has seguido. Si has ido manteniendo reuniones semanales,
 []

(./capitulos/capitulo3.tex

LaTeX Info: Redefining \. on input line 1.
LaTeX Info: Redefining \% on input line 1.
[19]
Cap\'{\i }tulo 3.

Underfull \hbox (badness 10000) in paragraph at lines 6--7

 []

) (./capitulos/capitulo4.tex

[20

]
Cap\'{\i }tulo 4.

Underfull \hbox (badness 10000) in paragraph at lines 6--7

 []

Package hyperref Info: bookmark level for unknown code defaults to 0 on input line 32.

LaTeX Warning: `h' float specifier changed to `ht'.


Underfull \hbox (badness 3514) in paragraph at lines 58--59
[]\OT1/cmr/m/n/12 Para mencionar identificadores usados en el c^^Sodigo ---como nombres de
 []


Underfull \hbox (badness 7832) in paragraph at lines 58--59
\OT1/cmr/m/n/12 funciones o variables--- en el texto, usa el entorno literal o verbatim
 []



[21

]
Package hyperref Info: bookmark level for unknown myequation defaults to 0 on input line 76.


LaTeX Info: Redefining \. on input line 115.
LaTeX Info: Redefining \% on input line 115.
[22]) (./capitulos/capitulo5.tex

LaTeX Info: Redefining \. on input line 1.
LaTeX Info: Redefining \% on input line 1.
[23]
Cap\'{\i }tulo 5.

Underfull \hbox (badness 10000) in paragraph at lines 6--7

 []


Underfull \hbox (badness 10000) in paragraph at lines 18--19

 []


Underfull \hbox (badness 10000) in paragraph at lines 20--21

 []


Underfull \hbox (badness 10000) in paragraph at lines 22--23

 []



[24

])

LaTeX Info: Redefining \. on input line 33.
LaTeX Info: Redefining \% on input line 33.
[25] (%OUTDIR%/memoria.ind) (%OUTDIR%/memoria.bbl
Underfull \hbox (badness 1540) in paragraph at lines 25--27
\OT1/cmr/m/n/12 of a revolutionary os,'' \OT1/cmr/m/it/12 Operative Systems, Linux\OT1/cmr/m/n/12 , June
 []

Missing character: There is no Ă in font cmr12!
Missing character: There is no ˇ in font cmr12!

Underfull \hbox (badness 1137) in paragraph at lines 55--57
[]\OT1/cmr/m/n/12 R. Love, \OT1/cmr/m/it/12 Linux Kernel Development\OT1/cmr/m/n/12 , 3rd ed. Developer's
 []


Underfull \hbox (badness 3895) in paragraph at lines 55--57
\OT1/cmr/m/n/12 Library, Addison-Wesley, 2010, ch. 1, 13. [Online].
 []


Underfull \hbox (badness 7832) in paragraph at lines 55--57
\OT1/cmr/m/n/12 Available: []$https : / / github . com / swadhinsekhar / books / blob / master / Linux %
 []



[26


])

LaTeX Info: Redefining \. on input line 40.
LaTeX Info: Redefining \% on input line 40.
[27] (%OUTDIR%/memoria.aux
LaTeX Info: Redefining \. on input line 13.
LaTeX Info: Redefining \% on input line 13.
)
 ***********
LaTeX2e <2024-11-01> patch level 2
L3 programming layer <2025-01-18>
 ***********


LaTeX Warning: There were undefined references.

Package rerunfilecheck Info: File `memoria.out' has not changed.
(rerunfilecheck)             Checksum: 7B47563979FB972B0725902EB2E31771;4104.
 ) 
Here is how much of TeX's memory you used:
 16992 strings out of 473190
 271252 string characters out of 5715800
 884261 words of memory out of 5000000
 39821 multiletter control sequences out of 15000+600000
 566503 words of font info for 63 fonts, out of 8000000 for 9000
 1147 hyphenation exceptions out of 8191
 80i,10n,97p,706b,1445s stack positions out of 10000i,1000n,20000p,200000b,200000s
</usr/local/texlive/2025/texmf-dist/fonts/type1/public/amsfonts/cm/cmbx12.pfb></usr/local/texlive/2025/texmf-dist/fonts/type1/public/amsfonts/cm/cmbxti10.pfb></usr/local/texlive/2025/texmf-dist/fonts/type1/public/amsfonts/cm/cmcsc10.pfb></usr/local/texlive/2025/texmf-dist/fonts/type1/public/amsfonts/cm/cmex10.pfb></usr/local/texlive/2025/texmf-dist/fonts/type1/public/amsfonts/cm/cmmi12.pfb></usr/local/texlive/2025/texmf-dist/fonts/type1/public/amsfonts/cm/cmmi6.pfb></usr/local/texlive/2025/texmf-dist/fonts/type1/public/amsfonts/cm/cmmi8.pfb></usr/local/texlive/2025/texmf-dist/fonts/type1/public/amsfonts/cm/cmr12.pfb></usr/local/texlive/2025/texmf-dist/fonts/type1/public/amsfonts/cm/cmr17.pfb></usr/local/texlive/2025/texmf-dist/fonts/type1/public/amsfonts/cm/cmr6.pfb></usr/local/texlive/2025/texmf-dist/fonts/type1/public/amsfonts/cm/cmr7.pfb></usr/local/texlive/2025/texmf-dist/fonts/type1/public/amsfonts/cm/cmr8.pfb></usr/local/texlive/2025/texmf-dist/fonts/type1/public/amsfonts/cm/cmsl12.pfb></usr/local/texlive/2025/texmf-dist/fonts/type1/public/amsfonts/cm/cmsy10.pfb></usr/local/texlive/2025/texmf-dist/fonts/type1/public/amsfonts/cm/cmti12.pfb></usr/local/texlive/2025/texmf-dist/fonts/type1/public/amsfonts/cm/cmtt10.pfb></usr/local/texlive/2025/texmf-dist/fonts/type1/public/amsfonts/cm/cmtt12.pfb></usr/local/texlive/2025/texmf-dist/fonts/type1/public/eurosym/feymr10.pfb></usr/local/texlive/2025/texmf-dist/fonts/type1/public/amsfonts/latxfont/lasy10.pfb>
Output written on %OUTDIR%/memoria.pdf (40 pages, 6975562 bytes).
PDF statistics:
 626 PDF objects out of 1000 (max. 8388607)
 510 compressed objects within 6 object streams
 133 named destinations out of 1000 (max. 500000)
 277 words of extra memory for PDF output out of 10000 (max. 10000000)

